<?xml version="1.0" encoding="UTF-8"?>
<!-- Generated by org.testng.reporters.JUnitReportReporter -->
<testsuite hostname="TejalShinde" failures="0" tests="2" name="day1.UpdateHTTPRequest" time="4.982" errors="0" timestamp="2023-12-08T12:46:04 IST" skipped="0">
  <testcase classname="day1.UpdateHTTPRequest" name="createUser1" time="4.409"/>
  <system-out/>
  <testcase classname="day1.UpdateHTTPRequest" name="updateUser" time="0.573"/>
  <system-out/>
</testsuite> <!-- day1.UpdateHTTPRequest -->
