<?xml version="1.0" encoding="UTF-8"?>
<!-- Generated by org.testng.reporters.JUnitReportReporter -->
<testsuite hostname="TejalShinde" failures="0" tests="1" name="WaysToCreateRequestBody.PostReq4" time="3.700" errors="0" timestamp="2023-12-11T17:25:46 IST" skipped="0">
  <testcase classname="WaysToCreateRequestBody.PostReq4" name="PostReqef4" time="3.700"/>
  <system-out/>
</testsuite> <!-- WaysToCreateRequestBody.PostReq4 -->
