<?xml version="1.0" encoding="UTF-8"?>
<!-- Generated by org.testng.reporters.JUnitReportReporter -->
<testsuite hostname="TejalShinde" failures="0" tests="1" name="day1.HTTPRequests1" time="6.694" errors="0" timestamp="2023-12-07T11:42:14 IST" skipped="0">
  <testcase classname="day1.HTTPRequests1" name="getUsers" time="6.694"/>
  <system-out/>
</testsuite> <!-- day1.HTTPRequests1 -->
