<?xml version="1.0" encoding="UTF-8"?>
<!-- Generated by org.testng.reporters.JUnitReportReporter -->
<testsuite hostname="TejalShinde" failures="0" tests="1" name="WaysToCreateRequestBody.PostReq3_POJO" time="4.636" errors="0" timestamp="2023-12-11T16:23:50 IST" skipped="0">
  <testcase classname="WaysToCreateRequestBody.PostReq3_POJO" name="Pojopost" time="4.636"/>
  <system-out/>
</testsuite> <!-- WaysToCreateRequestBody.PostReq3_POJO -->
