<?xml version="1.0" encoding="UTF-8"?>
<!-- Generated by org.testng.reporters.JUnitReportReporter -->
<testsuite hostname="TejalShinde" failures="0" tests="1" name="WaysToCreateRequestBody.PostReq2" time="4.137" errors="0" timestamp="2023-12-11T15:15:27 IST" skipped="0">
  <testcase classname="WaysToCreateRequestBody.PostReq2" name="PostReqUsingorgJSON" time="4.137"/>
  <system-out/>
</testsuite> <!-- WaysToCreateRequestBody.PostReq2 -->
