<?xml version="1.0" encoding="UTF-8"?>
<!-- Generated by org.testng.reporters.JUnitReportReporter -->
<testsuite hostname="TejalShinde" failures="0" tests="1" name="WaysToCreateRequestBody.PostReq1" time="4.246" errors="0" timestamp="2023-12-11T12:35:31 IST" skipped="0">
  <testcase classname="WaysToCreateRequestBody.PostReq1" name="postUsingHM" time="4.246"/>
  <system-out/>
</testsuite> <!-- WaysToCreateRequestBody.PostReq1 -->
