<?xml version="1.0" encoding="UTF-8"?>
<!-- Generated by org.testng.reporters.JUnitReportReporter -->
<testsuite hostname="TejalShinde" failures="0" tests="1" name="day1.PostHTTPRequest" time="5.199" errors="0" timestamp="2023-12-07T15:33:00 IST" skipped="0">
  <testcase classname="day1.PostHTTPRequest" name="createUser" time="5.199"/>
  <system-out/>
</testsuite> <!-- day1.PostHTTPRequest -->
